2021-01-02 23:36:23 INFO  ManagerController:73 - User (login): User has requested to view login page.
2021-01-02 23:36:27 INFO  ManagerController:86 - User (login): the MANAGER admin has logged in.
2021-01-02 23:36:27 INFO  ManagerController:28 - Manager (pendingTickets): admin has requested to view pending tickets page.
2021-01-03 15:56:41 INFO  ManagerController:99 - User (login): User has requested to view login page.
2021-01-03 15:56:44 INFO  ManagerController:112 - User (login): the MANAGER admin has logged in.
2021-01-03 15:56:45 INFO  ManagerController:42 - Manager (pendingTickets): admin has requested to view pending tickets page.
2021-01-03 15:58:11 INFO  ManagerController:100 - User (login): User has requested to view login page.
2021-01-03 15:58:15 INFO  ManagerController:113 - User (login): the MANAGER admin has logged in.
2021-01-03 15:58:15 INFO  ManagerController:43 - Manager (pendingTickets): admin has requested to view pending tickets page.
2021-01-03 16:02:34 INFO  ManagerController:100 - User (login): User has requested to view login page.
2021-01-03 16:02:38 INFO  ManagerController:100 - User (login): User has requested to view login page.
2021-01-03 16:02:42 INFO  ManagerController:113 - User (login): the MANAGER admin has logged in.
2021-01-03 16:02:43 INFO  ManagerController:43 - Manager (pendingTickets): admin has requested to view pending tickets page.
2021-01-03 16:04:13 INFO  ManagerController:100 - User (login): User has requested to view login page.
2021-01-03 16:04:16 INFO  ManagerController:113 - User (login): the MANAGER admin has logged in.
2021-01-03 16:04:17 INFO  ManagerController:43 - Manager (pendingTickets): admin has requested to view pending tickets page.
2021-01-03 16:08:42 INFO  ManagerController:100 - User (login): User has requested to view login page.
2021-01-03 16:08:50 INFO  ManagerController:113 - User (login): the MANAGER admin has logged in.
2021-01-03 16:08:50 INFO  ManagerController:43 - Manager (pendingTickets): admin has requested to view pending tickets page.
2021-01-03 16:08:53 INFO  ManagerController:43 - Manager (pendingTickets): admin has requested to view pending tickets page.
2021-01-03 16:09:39 INFO  ManagerController:43 - Manager (pendingTickets): admin has requested to view pending tickets page.
2021-01-03 16:09:47 INFO  ManagerController:43 - Manager (pendingTickets): admin has requested to view pending tickets page.
2021-01-03 16:09:49 INFO  ManagerController:43 - Manager (pendingTickets): admin has requested to view pending tickets page.
2021-01-03 16:10:47 INFO  ManagerController:43 - Manager (pendingTickets): admin has requested to view pending tickets page.
2021-01-03 16:10:49 INFO  ManagerController:43 - Manager (pendingTickets): admin has requested to view pending tickets page.
2021-01-03 16:14:35 INFO  ManagerController:43 - Manager (pendingTickets): admin has requested to view pending tickets page.
2021-01-03 16:14:37 INFO  ManagerController:43 - Manager (pendingTickets): admin has requested to view pending tickets page.
2021-01-03 16:18:58 INFO  ManagerController:103 - User (login): User has requested to view login page.
2021-01-03 16:19:01 INFO  ManagerController:116 - User (login): the MANAGER admin has logged in.
2021-01-03 16:19:02 INFO  ManagerController:46 - Manager (pendingTickets): admin has requested to view pending tickets page.
2021-01-03 16:29:20 INFO  ManagerController:103 - User (login): User has requested to view login page.
2021-01-03 16:29:25 INFO  ManagerController:116 - User (login): the MANAGER admin has logged in.
2021-01-03 16:29:25 INFO  ManagerController:46 - Manager (pendingTickets): admin has requested to view pending tickets page.
2021-01-03 16:30:10 INFO  ManagerController:102 - User (login): User has requested to view login page.
2021-01-03 16:30:14 INFO  ManagerController:115 - User (login): the MANAGER admin has logged in.
2021-01-03 16:30:14 INFO  ManagerController:45 - Manager (pendingTickets): admin has requested to view pending tickets page.
2021-01-03 16:30:17 INFO  ManagerController:45 - Manager (pendingTickets): admin has requested to view pending tickets page.
2021-01-03 16:34:09 INFO  ManagerController:45 - Manager (pendingTickets): admin has requested to view pending tickets page.
2021-01-03 16:34:10 INFO  ManagerController:45 - Manager (pendingTickets): admin has requested to view pending tickets page.
2021-01-03 16:34:41 INFO  ManagerController:45 - Manager (pendingTickets): admin has requested to view pending tickets page.
2021-01-03 16:34:43 INFO  ManagerController:45 - Manager (pendingTickets): admin has requested to view pending tickets page.
2021-01-03 16:36:15 INFO  ManagerController:45 - Manager (pendingTickets): admin has requested to view pending tickets page.
2021-01-03 16:36:17 INFO  ManagerController:45 - Manager (pendingTickets): admin has requested to view pending tickets page.
2021-01-03 16:36:25 INFO  ManagerController:45 - Manager (pendingTickets): admin has requested to view pending tickets page.
2021-01-03 16:36:27 INFO  ManagerController:45 - Manager (pendingTickets): admin has requested to view pending tickets page.
2021-01-03 16:40:47 INFO  ManagerController:100 - User (login): User has requested to view login page.
2021-01-03 16:40:51 INFO  ManagerController:100 - User (login): User has requested to view login page.
2021-01-03 16:40:56 INFO  ManagerController:113 - User (login): the MANAGER admin has logged in.
2021-01-03 16:40:56 INFO  ManagerController:43 - Manager (pendingTickets): admin has requested to view pending tickets page.
2021-01-03 16:41:00 INFO  ManagerController:43 - Manager (pendingTickets): admin has requested to view pending tickets page.
2021-01-03 16:42:03 INFO  ManagerController:43 - Manager (pendingTickets): admin has requested to view pending tickets page.
2021-01-03 16:42:09 INFO  ManagerController:100 - User (login): User has requested to view login page.
2021-01-03 16:42:12 INFO  ManagerController:113 - User (login): the MANAGER admin has logged in.
2021-01-03 16:42:12 INFO  ManagerController:43 - Manager (pendingTickets): admin has requested to view pending tickets page.
2021-01-03 16:49:33 INFO  ManagerController:43 - Manager (pendingTickets): admin has requested to view pending tickets page.
2021-01-03 17:11:22 INFO  ManagerController:43 - Manager (pendingTickets): admin has requested to view pending tickets page.
2021-01-03 19:06:34 INFO  ManagerController:100 - User (login): User has requested to view login page.
2021-01-03 19:06:37 INFO  ManagerController:113 - User (login): the MANAGER admin has logged in.
2021-01-03 19:06:38 INFO  ManagerController:43 - Manager (pendingTickets): admin has requested to view pending tickets page.
2021-01-03 19:07:35 INFO  ManagerController:43 - Manager (pendingTickets): admin has requested to view pending tickets page.
2021-01-03 19:09:09 INFO  ManagerController:43 - Manager (pendingTickets): admin has requested to view pending tickets page.
2021-01-03 19:09:38 INFO  ManagerController:43 - Manager (pendingTickets): admin has requested to view pending tickets page.
2021-01-03 19:13:09 INFO  ManagerController:43 - Manager (pendingTickets): admin has requested to view pending tickets page.
2021-01-03 19:13:26 INFO  ManagerController:43 - Manager (pendingTickets): admin has requested to view pending tickets page.
2021-01-03 20:00:50 INFO  ManagerController:100 - User (login): User has requested to view login page.
2021-01-03 20:00:53 INFO  ManagerController:113 - User (login): the MANAGER admin has logged in.
2021-01-03 20:00:53 INFO  ManagerController:43 - Manager (pendingTickets): admin has requested to view pending tickets page.
2021-01-03 20:10:25 INFO  ManagerController:99 - User (login): User has requested to view login page.
2021-01-03 20:10:28 INFO  ManagerController:99 - User (login): User has requested to view login page.
2021-01-03 20:10:32 INFO  ManagerController:112 - User (login): the MANAGER admin has logged in.
2021-01-03 20:11:07 INFO  ManagerController:99 - User (login): User has requested to view login page.
2021-01-03 20:11:11 INFO  ManagerController:112 - User (login): the MANAGER admin has logged in.
2021-01-03 20:11:12 INFO  ManagerController:42 - Manager (pendingTickets): admin has requested to view home page.
2021-01-03 20:15:03 INFO  ManagerController:62 - User (login): User has requested to view login page.
2021-01-03 20:15:09 INFO  ManagerController:62 - User (login): User has requested to view login page.
2021-01-03 20:15:12 INFO  ManagerController:75 - User (login): the MANAGER admin has logged in.
2021-01-03 20:15:12 INFO  ManagerController:51 - Manager (pendingTickets): admin has requested to view home page.
2021-01-03 20:15:54 INFO  ManagerController:62 - User (login): User has requested to view login page.
2021-01-03 20:15:54 INFO  ManagerController:62 - User (login): User has requested to view login page.
2021-01-03 20:15:57 INFO  ManagerController:75 - User (login): the MANAGER admin has logged in.
2021-01-03 20:15:57 INFO  ManagerController:51 - Manager (pendingTickets): admin has requested to view home page.
2021-01-03 20:16:15 INFO  ManagerController:62 - User (login): User has requested to view login page.
2021-01-03 20:16:18 INFO  ManagerController:75 - User (login): the MANAGER admin has logged in.
2021-01-03 20:16:18 INFO  ManagerController:51 - Manager (pendingTickets): admin has requested to view home page.
2021-01-03 20:20:29 INFO  ManagerController:51 - Manager (pendingTickets): admin has requested to view home page.
2021-01-03 20:20:34 INFO  ManagerController:51 - Manager (pendingTickets): admin has requested to view home page.
2021-01-03 20:21:35 INFO  ManagerController:51 - Manager (pendingTickets): admin has requested to view home page.
2021-01-03 20:21:58 INFO  ManagerController:51 - Manager (pendingTickets): admin has requested to view home page.
2021-01-03 20:23:27 INFO  ManagerController:62 - User (login): User has requested to view login page.
2021-01-03 20:23:43 INFO  EmployeeController:90 - User (login): the EMPLOYEE jeff has logged in.
2021-01-03 20:23:43 INFO  EmployeeController:31 - Employee (home): jeff has requested to view home page.
2021-01-03 20:23:56 INFO  EmployeeController:44 - Employee (createTicket): jeff has requested to view create ticket page.
2021-01-03 20:24:23 INFO  ManagerController:75 - User (login): the MANAGER admin has logged in.
2021-01-03 20:24:23 INFO  ManagerController:51 - Manager (pendingTickets): admin has requested to view home page.
2021-01-03 21:09:51 INFO  ManagerController:69 - User (login): User has requested to view login page.
2021-01-03 21:09:54 INFO  ManagerController:69 - User (login): User has requested to view login page.
2021-01-03 21:09:57 INFO  ManagerController:82 - User (login): the MANAGER admin has logged in.
2021-01-03 21:09:57 INFO  ManagerController:58 - Manager (pendingTickets): admin has requested to view home page.
2021-01-03 21:43:09 INFO  ManagerController:69 - User (login): User has requested to view login page.
2021-01-03 21:43:13 INFO  ManagerController:82 - User (login): the MANAGER admin has logged in.
2021-01-03 21:43:13 INFO  ManagerController:58 - Manager (pendingTickets): admin has requested to view home page.
2021-01-03 21:47:11 INFO  ManagerController:70 - User (login): User has requested to view login page.
2021-01-03 21:47:16 INFO  ManagerController:83 - User (login): the MANAGER admin has logged in.
2021-01-03 21:47:16 INFO  ManagerController:59 - Manager (pendingTickets): admin has requested to view home page.
2021-01-03 21:47:44 INFO  ManagerController:70 - User (login): User has requested to view login page.
2021-01-03 21:47:47 INFO  ManagerController:83 - User (login): the MANAGER admin has logged in.
2021-01-03 21:47:47 INFO  ManagerController:59 - Manager (pendingTickets): admin has requested to view home page.
2021-01-03 21:48:25 INFO  ManagerController:59 - Manager (pendingTickets): admin has requested to view home page.
2021-01-03 21:53:36 INFO  ManagerController:70 - User (login): User has requested to view login page.
2021-01-03 21:53:39 INFO  ManagerController:83 - User (login): the MANAGER admin has logged in.
2021-01-03 21:53:39 INFO  ManagerController:59 - Manager (pendingTickets): admin has requested to view home page.
2021-01-03 21:55:36 INFO  ManagerController:72 - User (login): User has requested to view login page.
2021-01-03 21:55:40 INFO  ManagerController:85 - User (login): the MANAGER admin has logged in.
2021-01-03 21:55:40 INFO  ManagerController:61 - Manager (pendingTickets): admin has requested to view home page.
2021-01-03 22:05:05 INFO  ManagerController:96 - User (login): User has requested to view login page.
2021-01-03 22:05:09 INFO  ManagerController:109 - User (login): the MANAGER admin has logged in.
2021-01-03 22:05:09 INFO  ManagerController:85 - Manager (home): admin has requested to view home page.
2021-01-03 22:05:52 INFO  ManagerController:85 - Manager (home): admin has requested to view home page.
2021-01-03 22:07:01 INFO  ManagerController:85 - Manager (home): admin has requested to view home page.
2021-01-03 22:07:06 INFO  ManagerController:97 - User (login): User has requested to view login page.
2021-01-03 22:07:08 INFO  ManagerController:110 - User (login): the MANAGER admin has logged in.
2021-01-03 22:07:08 INFO  ManagerController:86 - Manager (home): admin has requested to view home page.
2021-01-03 22:07:36 INFO  ManagerController:86 - Manager (home): admin has requested to view home page.
2021-01-03 22:10:02 INFO  ManagerController:86 - Manager (home): admin has requested to view home page.
2021-01-03 22:11:16 INFO  ManagerController:86 - Manager (home): admin has requested to view home page.
2021-01-03 22:11:57 INFO  ManagerController:86 - Manager (home): admin has requested to view home page.
2021-01-03 22:13:50 INFO  ManagerController:86 - Manager (home): admin has requested to view home page.
2021-01-03 22:16:08 INFO  ManagerController:86 - Manager (home): admin has requested to view home page.
2021-01-03 22:16:51 INFO  ManagerController:86 - Manager (home): admin has requested to view home page.
2021-01-03 22:17:56 INFO  ManagerController:86 - Manager (home): admin has requested to view home page.
2021-01-03 22:19:22 INFO  ManagerController:86 - Manager (home): admin has requested to view home page.
2021-01-03 22:19:36 INFO  ManagerController:86 - Manager (home): admin has requested to view home page.
2021-01-03 22:19:47 INFO  ManagerController:86 - Manager (home): admin has requested to view home page.
2021-01-03 22:19:59 INFO  ManagerController:86 - Manager (home): admin has requested to view home page.
2021-01-03 22:21:25 INFO  ManagerController:86 - Manager (home): admin has requested to view home page.
2021-01-03 22:21:27 INFO  ManagerController:46 - Manger (denyTicket): admin denied the ticket: id-8 employee-jeff
2021-01-03 22:21:57 INFO  ManagerController:32 - Manger (approveTicket): admin approved the ticket: id-7 employee-jeff
2021-01-03 22:27:27 INFO  EmployeeController:90 - User (login): the EMPLOYEE jeff has logged in.
2021-01-03 22:27:27 INFO  EmployeeController:31 - Employee (home): jeff has requested to view home page.
2021-01-03 22:28:18 INFO  ManagerController:97 - User (login): User has requested to view login page.
2021-01-03 22:28:22 INFO  ManagerController:110 - User (login): the MANAGER admin has logged in.
2021-01-03 22:28:22 INFO  ManagerController:86 - Manager (home): admin has requested to view home page.
2021-01-03 22:29:32 INFO  EmployeeController:76 - User (login): User has requested to view login page.
2021-01-03 22:29:35 INFO  EmployeeController:90 - User (login): the EMPLOYEE jeff has logged in.
2021-01-03 22:29:35 INFO  EmployeeController:31 - Employee (home): jeff has requested to view home page.
2021-01-03 22:30:47 INFO  EmployeeController:31 - Employee (home): jeff has requested to view home page.
2021-01-03 22:30:50 INFO  EmployeeController:76 - User (login): User has requested to view login page.
2021-01-03 22:30:53 INFO  EmployeeController:90 - User (login): the EMPLOYEE jeff has logged in.
2021-01-03 22:30:53 INFO  EmployeeController:31 - Employee (home): jeff has requested to view home page.
2021-01-03 22:31:58 INFO  EmployeeController:31 - Employee (home): jeff has requested to view home page.
2021-01-03 22:31:59 INFO  EmployeeController:31 - Employee (home): jeff has requested to view home page.
2021-01-03 22:32:01 INFO  EmployeeController:76 - User (login): User has requested to view login page.
2021-01-03 22:32:04 INFO  EmployeeController:90 - User (login): the EMPLOYEE jeff has logged in.
2021-01-03 22:32:05 INFO  EmployeeController:31 - Employee (home): jeff has requested to view home page.
2021-01-03 22:32:14 INFO  ManagerController:97 - User (login): User has requested to view login page.
2021-01-03 22:32:18 INFO  ManagerController:110 - User (login): the MANAGER admin has logged in.
2021-01-03 22:32:18 INFO  ManagerController:86 - Manager (home): admin has requested to view home page.
2021-01-03 22:35:10 INFO  ManagerController:97 - User (login): User has requested to view login page.
2021-01-03 22:35:14 INFO  ManagerController:110 - User (login): the MANAGER admin has logged in.
2021-01-03 22:35:14 INFO  ManagerController:86 - Manager (home): admin has requested to view home page.
